c:\users\evan\documents\visual studio 2017\projects\pciworm\pciworm\x64\release\vc141.pdb
c:\users\evan\documents\visual studio 2017\projects\pciworm\pciworm\x64\release\queue.obj
c:\users\evan\documents\visual studio 2017\projects\pciworm\pciworm\x64\release\driver.obj
c:\users\evan\documents\visual studio 2017\projects\pciworm\pciworm\x64\release\device.obj
c:\users\evan\documents\visual studio 2017\projects\pciworm\x64\release\pciworm\pciworm.cat
c:\users\evan\documents\visual studio 2017\projects\pciworm\x64\release\pciworm.dll
c:\users\evan\documents\visual studio 2017\projects\pciworm\x64\release\pciworm.pdb
c:\users\evan\documents\visual studio 2017\projects\pciworm\x64\release\pciworm.lib
c:\users\evan\documents\visual studio 2017\projects\pciworm\x64\release\pciworm.exp
c:\users\evan\documents\visual studio 2017\projects\pciworm\pciworm\x64\release\pciworm.inf
c:\users\evan\documents\visual studio 2017\projects\pciworm\x64\release\pciworm.cer
c:\users\evan\documents\visual studio 2017\projects\pciworm\x64\release\pciworm.inf
c:\users\evan\documents\visual studio 2017\projects\pciworm\pciworm\x64\release\pciworm.tlog\cl.command.1.tlog
c:\users\evan\documents\visual studio 2017\projects\pciworm\pciworm\x64\release\pciworm.tlog\cl.read.1.tlog
c:\users\evan\documents\visual studio 2017\projects\pciworm\pciworm\x64\release\pciworm.tlog\cl.write.1.tlog
c:\users\evan\documents\visual studio 2017\projects\pciworm\pciworm\x64\release\pciworm.tlog\inf2cat-expand.10292.read.1.tlog
c:\users\evan\documents\visual studio 2017\projects\pciworm\pciworm\x64\release\pciworm.tlog\inf2cat-expand.10292.write.1.tlog
c:\users\evan\documents\visual studio 2017\projects\pciworm\pciworm\x64\release\pciworm.tlog\inf2cat-expand.10428.read.1.tlog
c:\users\evan\documents\visual studio 2017\projects\pciworm\pciworm\x64\release\pciworm.tlog\inf2cat-expand.10428.write.1.tlog
c:\users\evan\documents\visual studio 2017\projects\pciworm\pciworm\x64\release\pciworm.tlog\inf2cat-expand.13612.read.1.tlog
c:\users\evan\documents\visual studio 2017\projects\pciworm\pciworm\x64\release\pciworm.tlog\inf2cat-expand.13612.write.1.tlog
c:\users\evan\documents\visual studio 2017\projects\pciworm\pciworm\x64\release\pciworm.tlog\inf2cat-expand.13684.read.1.tlog
c:\users\evan\documents\visual studio 2017\projects\pciworm\pciworm\x64\release\pciworm.tlog\inf2cat-expand.13684.write.1.tlog
c:\users\evan\documents\visual studio 2017\projects\pciworm\pciworm\x64\release\pciworm.tlog\inf2cat-expand.15000.read.1.tlog
c:\users\evan\documents\visual studio 2017\projects\pciworm\pciworm\x64\release\pciworm.tlog\inf2cat-expand.15000.write.1.tlog
c:\users\evan\documents\visual studio 2017\projects\pciworm\pciworm\x64\release\pciworm.tlog\inf2cat-expand.15628.read.1.tlog
c:\users\evan\documents\visual studio 2017\projects\pciworm\pciworm\x64\release\pciworm.tlog\inf2cat-expand.15628.write.1.tlog
c:\users\evan\documents\visual studio 2017\projects\pciworm\pciworm\x64\release\pciworm.tlog\inf2cat-expand.15920.read.1.tlog
c:\users\evan\documents\visual studio 2017\projects\pciworm\pciworm\x64\release\pciworm.tlog\inf2cat-expand.15920.write.1.tlog
c:\users\evan\documents\visual studio 2017\projects\pciworm\pciworm\x64\release\pciworm.tlog\inf2cat-expand.1656.read.1.tlog
c:\users\evan\documents\visual studio 2017\projects\pciworm\pciworm\x64\release\pciworm.tlog\inf2cat-expand.1656.write.1.tlog
c:\users\evan\documents\visual studio 2017\projects\pciworm\pciworm\x64\release\pciworm.tlog\inf2cat-expand.4848.read.1.tlog
c:\users\evan\documents\visual studio 2017\projects\pciworm\pciworm\x64\release\pciworm.tlog\inf2cat-expand.4848.write.1.tlog
c:\users\evan\documents\visual studio 2017\projects\pciworm\pciworm\x64\release\pciworm.tlog\inf2cat-expand.7536.read.1.tlog
c:\users\evan\documents\visual studio 2017\projects\pciworm\pciworm\x64\release\pciworm.tlog\inf2cat-expand.7536.write.1.tlog
c:\users\evan\documents\visual studio 2017\projects\pciworm\pciworm\x64\release\pciworm.tlog\inf2cat-expand.9676.read.1.tlog
c:\users\evan\documents\visual studio 2017\projects\pciworm\pciworm\x64\release\pciworm.tlog\inf2cat-expand.9676.write.1.tlog
c:\users\evan\documents\visual studio 2017\projects\pciworm\pciworm\x64\release\pciworm.tlog\inf2cat-expand.read.1.tlog
c:\users\evan\documents\visual studio 2017\projects\pciworm\pciworm\x64\release\pciworm.tlog\inf2cat-expand.write.1.tlog
c:\users\evan\documents\visual studio 2017\projects\pciworm\pciworm\x64\release\pciworm.tlog\inf2cat.command.1.tlog
c:\users\evan\documents\visual studio 2017\projects\pciworm\pciworm\x64\release\pciworm.tlog\inf2cat.read.1.tlog
c:\users\evan\documents\visual studio 2017\projects\pciworm\pciworm\x64\release\pciworm.tlog\inf2cat.write.1.tlog
c:\users\evan\documents\visual studio 2017\projects\pciworm\pciworm\x64\release\pciworm.tlog\link.command.1.tlog
c:\users\evan\documents\visual studio 2017\projects\pciworm\pciworm\x64\release\pciworm.tlog\link.read.1.tlog
c:\users\evan\documents\visual studio 2017\projects\pciworm\pciworm\x64\release\pciworm.tlog\link.write.1.tlog
c:\users\evan\documents\visual studio 2017\projects\pciworm\pciworm\x64\release\pciworm.tlog\pciworm.write.1u.tlog
c:\users\evan\documents\visual studio 2017\projects\pciworm\pciworm\x64\release\pciworm.tlog\signtool.command.1.tlog
c:\users\evan\documents\visual studio 2017\projects\pciworm\pciworm\x64\release\pciworm.tlog\signtool.read.1.tlog
c:\users\evan\documents\visual studio 2017\projects\pciworm\pciworm\x64\release\pciworm.tlog\signtool.timestamp.1.tlog
c:\users\evan\documents\visual studio 2017\projects\pciworm\pciworm\x64\release\pciworm.tlog\signtool.write.1.tlog
c:\users\evan\documents\visual studio 2017\projects\pciworm\pciworm\x64\release\pciworm.tlog\stampinf.command.1.tlog
c:\users\evan\documents\visual studio 2017\projects\pciworm\pciworm\x64\release\pciworm.tlog\stampinf.read.1.tlog
c:\users\evan\documents\visual studio 2017\projects\pciworm\pciworm\x64\release\pciworm.tlog\stampinf.write.1.tlog
c:\users\evan\documents\visual studio 2017\projects\pciworm\pciworm\x64\release\pciworm.tlog\tracewpp.command.1.tlog
c:\users\evan\documents\visual studio 2017\projects\pciworm\pciworm\x64\release\pciworm.tlog\tracewpp.read.1.tlog
c:\users\evan\documents\visual studio 2017\projects\pciworm\pciworm\x64\release\pciworm.tlog\tracewpp.write.1.tlog
