  Building 'pciworm' with toolset 'WindowsUserModeDriver10.0' and the 'Desktop' target platform.
  Stamping x64\Debug\pciworm.inf
  Stamping [Version] section with DriverVer=05/04/2018,17.27.44.214
  Device.c
  Driver.c
  Queue.c
  Generating Code...
     Creating library C:\Users\Evan\Documents\Visual Studio 2017\Projects\pciworm\x64\Debug\pciworm.lib and object C:\Users\Evan\Documents\Visual Studio 2017\Projects\pciworm\x64\Debug\pciworm.exp
  pciworm.vcxproj -> C:\Users\Evan\Documents\Visual Studio 2017\Projects\pciworm\x64\Debug\pciworm.dll
  Done Adding Additional Store
  Successfully signed: C:\Users\Evan\Documents\Visual Studio 2017\Projects\pciworm\x64\Debug\pciworm.dll
  
  Processing directory (C:\Users\Evan\Documents\Visual Studio 2017\Projects\pciworm\x64\Debug\pciworm\) file (pciworm.cat)
  Processing directory (C:\Users\Evan\Documents\Visual Studio 2017\Projects\pciworm\x64\Debug\pciworm\) file (pciworm.dll)
  Processing directory (C:\Users\Evan\Documents\Visual Studio 2017\Projects\pciworm\x64\Debug\pciworm\) file (pciworm.inf)
  Parsing INF: C:\Users\Evan\Documents\Visual Studio 2017\Projects\pciworm\x64\Debug\pciworm\pciworm.inf
  Finished parsing INFs
  Processing INF: C:\Users\Evan\Documents\Visual Studio 2017\Projects\pciworm\x64\Debug\pciworm\pciworm.inf
  Finished processing INFs
  Testing driver package...
  Testing driver package...
  Testing driver package...
  Testing driver package...
  Testing driver package...
  Testing driver package...
  Testing driver package...
  Testing driver package...
  Testing driver package...
  Testing driver package...
  Testing driver package...
  Testing driver package...
  Testing driver package...
  Testing driver package...
  Testing driver package...
  Testing driver package...
  Testing driver package...
  Testing driver package...
  
  Signability test complete.
  
  Errors:
  None
  
  Warnings:
  None
  
  Catalog generation complete.
  C:\Users\Evan\Documents\Visual Studio 2017\Projects\pciworm\x64\Debug\pciworm\pciworm.cat
  Done Adding Additional Store
  Successfully signed: C:\Users\Evan\Documents\Visual Studio 2017\Projects\pciworm\x64\Debug\pciworm\pciworm.cat
  
